<?xml version="1.0" encoding="UTF-8"?>
<testng-results skipped="0" failed="0" ignored="0" total="1" passed="1">
  <reporter-output>
  </reporter-output>
  <suite name="Default suite" duration-ms="161895" started-at="2018-09-22T09:49:28Z" finished-at="2018-09-22T09:52:10Z">
    <groups>
    </groups>
    <test name="Default test" duration-ms="161895" started-at="2018-09-22T09:49:28Z" finished-at="2018-09-22T09:52:10Z">
      <class name="com.crm.qa.testcases.AddressPageTest">
        <test-method status="PASS" signature="setUp()[pri:0, instance:com.crm.qa.testcases.AddressPageTest@6500df86]" name="setUp" is-config="true" duration-ms="161565" started-at="2018-09-22T15:19:28Z" finished-at="2018-09-22T15:22:09Z">
          <reporter-output>
          </reporter-output>
        </test-method> <!-- setUp -->
        <test-method status="PASS" signature="selectSingleContactsTest()[pri:2, instance:com.crm.qa.testcases.AddressPageTest@6500df86]" name="selectSingleContactsTest" duration-ms="310" started-at="2018-09-22T15:22:09Z" finished-at="2018-09-22T15:22:10Z">
          <reporter-output>
          </reporter-output>
        </test-method> <!-- selectSingleContactsTest -->
        <test-method status="PASS" signature="tearDown()[pri:0, instance:com.crm.qa.testcases.AddressPageTest@6500df86]" name="tearDown" is-config="true" duration-ms="1" started-at="2018-09-22T15:22:10Z" finished-at="2018-09-22T15:22:10Z">
          <reporter-output>
          </reporter-output>
        </test-method> <!-- tearDown -->
      </class> <!-- com.crm.qa.testcases.AddressPageTest -->
    </test> <!-- Default test -->
  </suite> <!-- Default suite -->
</testng-results>
